生成启动时间为 2018/4/3 17:43:19。
     1>项目“F:\project\Project4\Project4\Project4.vcxproj”在节点 2 上(Build 个目标)。
     1>ClCompile:
         F:\vs2015\VC\bin\x86_amd64\CL.exe /c /ZI /nologo /W3 /WX- /sdl /Od /D _MBCS /Gm /EHsc /RTC1 /MDd /GS /fp:precise /Zc:wchar_t /Zc:forScope /Zc:inline /Fo"x64\Debug\\" /Fd"x64\Debug\vc140.pdb" /Gd /TP /errorReport:prompt code.cpp main.cpp
         main.cpp
     1>f:\project\project4\project4\main.cpp(7): warning C4305: “初始化”: 从“double”到“float”截断
     1>f:\project\project4\project4\main.cpp(9): warning C4244: “初始化”: 从“double”转换到“int”，可能丢失数据
     1>f:\project\project4\project4\main.cpp(11): warning C4244: “初始化”: 从“double”转换到“int”，可能丢失数据
         code.cpp
     1>f:\project\project4\project4\code.cpp(94): warning C4244: “初始化”: 从“double”转换到“int”，可能丢失数据
     1>f:\project\project4\project4\code.cpp(95): warning C4244: “初始化”: 从“double”转换到“int”，可能丢失数据
     1>f:\project\project4\project4\code.cpp(155): warning C4244: “参数”: 从“int”转换到“float”，可能丢失数据
     1>f:\project\project4\project4\code.cpp(156): warning C4244: “参数”: 从“int”转换到“float”，可能丢失数据
     1>f:\project\project4\project4\code.cpp(158): warning C4244: “参数”: 从“int”转换到“float”，可能丢失数据
     1>f:\project\project4\project4\code.cpp(159): warning C4244: “参数”: 从“int”转换到“float”，可能丢失数据
     1>f:\project\project4\project4\code.cpp(164): warning C4838: 从“double”转换到“float”需要收缩转换
     1>f:\project\project4\project4\code.cpp(164): warning C4305: “初始化”: 从“double”到“float”截断
     1>f:\project\project4\project4\code.cpp(165): warning C4838: 从“double”转换到“float”需要收缩转换
     1>f:\project\project4\project4\code.cpp(165): warning C4305: “初始化”: 从“double”到“float”截断
     1>f:\project\project4\project4\code.cpp(188): warning C4244: “参数”: 从“int”转换到“float”，可能丢失数据
     1>f:\project\project4\project4\code.cpp(189): warning C4244: “参数”: 从“int”转换到“float”，可能丢失数据
     1>f:\project\project4\project4\code.cpp(190): warning C4244: “参数”: 从“int”转换到“float”，可能丢失数据
     1>f:\project\project4\project4\code.cpp(191): warning C4244: “参数”: 从“int”转换到“float”，可能丢失数据
     1>f:\project\project4\project4\code.cpp(196): warning C4838: 从“double”转换到“float”需要收缩转换
     1>f:\project\project4\project4\code.cpp(196): warning C4305: “初始化”: 从“double”到“float”截断
     1>f:\project\project4\project4\code.cpp(197): warning C4838: 从“double”转换到“float”需要收缩转换
     1>f:\project\project4\project4\code.cpp(197): warning C4305: “初始化”: 从“double”到“float”截断
         正在生成代码...
       Link:
         F:\vs2015\VC\bin\x86_amd64\link.exe /ERRORREPORT:PROMPT /OUT:"F:\project\Project4\x64\Debug\Project4.exe" /INCREMENTAL /NOLOGO /LIBPATH:F:\opencv\opencv\build\x64\vc14\lib opencv_world340.lib opencv_world340d.lib kernel32.lib user32.lib gdi32.lib winspool.lib comdlg32.lib advapi32.lib shell32.lib ole32.lib oleaut32.lib uuid.lib odbc32.lib odbccp32.lib /MANIFEST /MANIFESTUAC:"level='asInvoker' uiAccess='false'" /manifest:embed /Debug /PDB:"F:\project\Project4\x64\Debug\Project4.pdb" /TLBID:1 /DYNAMICBASE /NXCOMPAT /IMPLIB:"F:\project\Project4\x64\Debug\Project4.lib" /MACHINE:X64 x64\Debug\code.obj
         x64\Debug\main.obj
     1>main.obj : error LNK2019: 无法解析的外部符号 "class cv::Mat __cdecl WDT(class cv::Mat const &,class cv::String,int)" (?WDT@@YA?AVMat@cv@@AEBV12@VString@2@H@Z)，该符号在函数 main 中被引用
     1>main.obj : error LNK2019: 无法解析的外部符号 "class cv::Mat __cdecl IWDT(class cv::Mat const &,class cv::String,int)" (?IWDT@@YA?AVMat@cv@@AEBV12@VString@2@H@Z)，该符号在函数 main 中被引用
     1>F:\project\Project4\x64\Debug\Project4.exe : fatal error LNK1120: 2 个无法解析的外部命令
     1>已完成生成项目“F:\project\Project4\Project4\Project4.vcxproj”(Build 个目标)的操作 - 失败。

生成失败。

已用时间 00:00:06.06
